2002.09.22 23:20 B E:\GCCWebsite\resources\prayerfocus\archive\afghanistan.htm <-- GraceCovenant /public_html/resources/prayerfocus/archive afghanistan.htm
2002.09.22 23:20 B E:\GCCWebsite\resources\prayerfocus\archive\afghanistan.php <-- GraceCovenant /public_html/resources/prayerfocus/archive afghanistan.php
2002.09.22 23:20 B E:\GCCWebsite\resources\prayerfocus\archive\china.htm <-- GraceCovenant /public_html/resources/prayerfocus/archive china.htm
2002.09.22 23:20 B E:\GCCWebsite\resources\prayerfocus\archive\china.php <-- GraceCovenant /public_html/resources/prayerfocus/archive china.php
2002.09.22 23:20 B E:\GCCWebsite\resources\prayerfocus\archive\china2000.htm <-- GraceCovenant /public_html/resources/prayerfocus/archive china2000.htm
2002.09.22 23:20 B E:\GCCWebsite\resources\prayerfocus\archive\class2001.htm <-- GraceCovenant /public_html/resources/prayerfocus/archive class2001.htm
2002.09.22 23:20 B E:\GCCWebsite\resources\prayerfocus\archive\class2001.php <-- GraceCovenant /public_html/resources/prayerfocus/archive class2001.php
2002.09.22 23:20 B E:\GCCWebsite\resources\prayerfocus\archive\class2002.php <-- GraceCovenant /public_html/resources/prayerfocus/archive class2002.php
2002.09.22 23:20 B E:\GCCWebsite\resources\prayerfocus\archive\classof2000.htm <-- GraceCovenant /public_html/resources/prayerfocus/archive classof2000.htm
2002.09.22 23:20 B E:\GCCWebsite\resources\prayerfocus\archive\emmausfamilygroups2002.php <-- GraceCovenant /public_html/resources/prayerfocus/archive emmausfamilygroups2002.php
2002.09.22 23:20 B E:\GCCWebsite\resources\prayerfocus\archive\emmausfellowship.htm <-- GraceCovenant /public_html/resources/prayerfocus/archive emmausfellowship.htm
2002.09.22 23:20 B E:\GCCWebsite\resources\prayerfocus\archive\familygroups.htm <-- GraceCovenant /public_html/resources/prayerfocus/archive familygroups.htm
2002.09.22 23:20 B E:\GCCWebsite\resources\prayerfocus\archive\familygroups.php <-- GraceCovenant /public_html/resources/prayerfocus/archive familygroups.php
2002.09.22 23:20 B E:\GCCWebsite\resources\prayerfocus\archive\gccsummerretreat.htm <-- GraceCovenant /public_html/resources/prayerfocus/archive gccsummerretreat.htm
2002.09.22 23:20 B E:\GCCWebsite\resources\prayerfocus\archive\henrykoh.php <-- GraceCovenant /public_html/resources/prayerfocus/archive henrykoh.php
2002.09.22 23:20 B E:\GCCWebsite\resources\prayerfocus\archive\india.php <-- GraceCovenant /public_html/resources/prayerfocus/archive india.php
2002.09.22 23:20 B E:\GCCWebsite\resources\prayerfocus\archive\indianmissions.php <-- GraceCovenant /public_html/resources/prayerfocus/archive indianmissions.php
2002.09.22 23:20 B E:\GCCWebsite\resources\prayerfocus\archive\indonesia.php <-- GraceCovenant /public_html/resources/prayerfocus/archive indonesia.php
2002.09.22 23:20 B E:\GCCWebsite\resources\prayerfocus\archive\innercity.htm <-- GraceCovenant /public_html/resources/prayerfocus/archive innercity.htm
2002.09.22 23:20 B E:\GCCWebsite\resources\prayerfocus\archive\innercity.php <-- GraceCovenant /public_html/resources/prayerfocus/archive innercity.php
2002.09.22 23:20 B E:\GCCWebsite\resources\prayerfocus\archive\innercity02.php <-- GraceCovenant /public_html/resources/prayerfocus/archive innercity02.php
2002.09.22 23:20 B E:\GCCWebsite\resources\prayerfocus\archive\innercity2002.php <-- GraceCovenant /public_html/resources/prayerfocus/archive innercity2002.php
2002.09.22 23:20 B E:\GCCWebsite\resources\prayerfocus\archive\innercitymissions.php <-- GraceCovenant /public_html/resources/prayerfocus/archive innercitymissions.php
2002.09.22 23:20 B E:\GCCWebsite\resources\prayerfocus\archive\intldayprayer.htm <-- GraceCovenant /public_html/resources/prayerfocus/archive intldayprayer.htm
2002.09.22 23:20 B E:\GCCWebsite\resources\prayerfocus\archive\israel2002.php <-- GraceCovenant /public_html/resources/prayerfocus/archive israel2002.php
2002.09.22 23:20 B E:\GCCWebsite\resources\prayerfocus\archive\kenya2002.php <-- GraceCovenant /public_html/resources/prayerfocus/archive kenya2002.php
2002.09.22 23:20 B E:\GCCWebsite\resources\prayerfocus\archive\lockin2000.htm <-- GraceCovenant /public_html/resources/prayerfocus/archive lockin2000.htm
2002.09.22 23:20 B E:\GCCWebsite\resources\prayerfocus\archive\mafghan.gif <-- GraceCovenant /public_html/resources/prayerfocus/archive mafghan.gif
2002.09.22 23:20 B E:\GCCWebsite\resources\prayerfocus\archive\ministryteams.php <-- GraceCovenant /public_html/resources/prayerfocus/archive ministryteams.php
2002.09.22 23:20 B E:\GCCWebsite\resources\prayerfocus\archive\missionaries.php <-- GraceCovenant /public_html/resources/prayerfocus/archive missionaries.php
2002.09.22 23:20 B E:\GCCWebsite\resources\prayerfocus\archive\missions.htm <-- GraceCovenant /public_html/resources/prayerfocus/archive missions.htm
2002.09.22 23:20 B E:\GCCWebsite\resources\prayerfocus\archive\missions1.htm <-- GraceCovenant /public_html/resources/prayerfocus/archive missions1.htm
2002.09.22 23:20 B E:\GCCWebsite\resources\prayerfocus\archive\missions2.htm <-- GraceCovenant /public_html/resources/prayerfocus/archive missions2.htm
2002.09.22 23:20 B E:\GCCWebsite\resources\prayerfocus\archive\missions3.htm <-- GraceCovenant /public_html/resources/prayerfocus/archive missions3.htm
2002.09.22 23:20 B E:\GCCWebsite\resources\prayerfocus\archive\missionssupport.htm <-- GraceCovenant /public_html/resources/prayerfocus/archive missionssupport.htm
2002.09.22 23:20 B E:\GCCWebsite\resources\prayerfocus\archive\missionsupport.php <-- GraceCovenant /public_html/resources/prayerfocus/archive missionsupport.php
2002.09.22 23:20 B E:\GCCWebsite\resources\prayerfocus\archive\mozambique.htm <-- GraceCovenant /public_html/resources/prayerfocus/archive mozambique.htm
2002.09.22 23:20 B E:\GCCWebsite\resources\prayerfocus\archive\oil.php <-- GraceCovenant /public_html/resources/prayerfocus/archive oil.php
2002.09.22 23:20 B E:\GCCWebsite\resources\prayerfocus\archive\operationcchild.htm <-- GraceCovenant /public_html/resources/prayerfocus/archive operationcchild.htm
2002.09.22 23:20 B E:\GCCWebsite\resources\prayerfocus\archive\passion.htm <-- GraceCovenant /public_html/resources/prayerfocus/archive passion.htm
2002.09.22 23:20 B E:\GCCWebsite\resources\prayerfocus\archive\passion.php <-- GraceCovenant /public_html/resources/prayerfocus/archive passion.php
2002.09.22 23:20 B E:\GCCWebsite\resources\prayerfocus\archive\passion2001.htm <-- GraceCovenant /public_html/resources/prayerfocus/archive passion2001.htm
2002.09.22 23:20 B E:\GCCWebsite\resources\prayerfocus\archive\passion2001.php <-- GraceCovenant /public_html/resources/prayerfocus/archive passion2001.php
2002.09.22 23:20 B E:\GCCWebsite\resources\prayerfocus\archive\persecution.php <-- GraceCovenant /public_html/resources/prayerfocus/archive persecution.php
2002.09.22 23:20 B E:\GCCWebsite\resources\prayerfocus\archive\peru.htm <-- GraceCovenant /public_html/resources/prayerfocus/archive peru.htm
2002.09.22 23:20 B E:\GCCWebsite\resources\prayerfocus\archive\peru.php <-- GraceCovenant /public_html/resources/prayerfocus/archive peru.php
2002.09.22 23:20 B E:\GCCWebsite\resources\prayerfocus\archive\peru02.php <-- GraceCovenant /public_html/resources/prayerfocus/archive peru02.php
2002.09.22 23:20 B E:\GCCWebsite\resources\prayerfocus\archive\peru2.htm <-- GraceCovenant /public_html/resources/prayerfocus/archive peru2.htm
2002.09.22 23:20 B E:\GCCWebsite\resources\prayerfocus\archive\peru2000.html <-- GraceCovenant /public_html/resources/prayerfocus/archive peru2000.html
2002.09.22 23:20 B E:\GCCWebsite\resources\prayerfocus\archive\peru2002.php <-- GraceCovenant /public_html/resources/prayerfocus/archive peru2002.php
2002.09.22 23:20 B E:\GCCWebsite\resources\prayerfocus\archive\ppjob.htm <-- GraceCovenant /public_html/resources/prayerfocus/archive ppjob.htm
2002.09.22 23:20 B E:\GCCWebsite\resources\prayerfocus\archive\praise.htm <-- GraceCovenant /public_html/resources/prayerfocus/archive praise.htm
2002.09.22 23:20 B E:\GCCWebsite\resources\prayerfocus\archive\praise.php <-- GraceCovenant /public_html/resources/prayerfocus/archive praise.php
2002.09.22 23:20 B E:\GCCWebsite\resources\prayerfocus\archive\remember thanksgiving.htm <-- GraceCovenant /public_html/resources/prayerfocus/archive remember thanksgiving.htm
2002.09.22 23:20 B E:\GCCWebsite\resources\prayerfocus\archive\retreat2002.php <-- GraceCovenant /public_html/resources/prayerfocus/archive retreat2002.php
2002.09.22 23:20 B E:\GCCWebsite\resources\prayerfocus\archive\september2001.htm <-- GraceCovenant /public_html/resources/prayerfocus/archive september2001.htm
2002.09.22 23:20 B E:\GCCWebsite\resources\prayerfocus\archive\september2001.php <-- GraceCovenant /public_html/resources/prayerfocus/archive september2001.php
2002.09.22 23:20 B E:\GCCWebsite\resources\prayerfocus\archive\servantsretreat2001.htm <-- GraceCovenant /public_html/resources/prayerfocus/archive servantsretreat2001.htm
2002.09.22 23:20 B E:\GCCWebsite\resources\prayerfocus\archive\servantsretreat2001.php <-- GraceCovenant /public_html/resources/prayerfocus/archive servantsretreat2001.php
2002.09.22 23:20 B E:\GCCWebsite\resources\prayerfocus\archive\servantsretreat2002.php <-- GraceCovenant /public_html/resources/prayerfocus/archive servantsretreat2002.php
2002.09.22 23:20 B E:\GCCWebsite\resources\prayerfocus\archive\shogren.php <-- GraceCovenant /public_html/resources/prayerfocus/archive shogren.php
2002.09.22 23:20 B E:\GCCWebsite\resources\prayerfocus\archive\summer2000.htm <-- GraceCovenant /public_html/resources/prayerfocus/archive summer2000.htm
2002.09.22 23:20 B E:\GCCWebsite\resources\prayerfocus\archive\summermissions.htm <-- GraceCovenant /public_html/resources/prayerfocus/archive summermissions.htm
2002.09.22 23:20 B E:\GCCWebsite\resources\prayerfocus\archive\summermissions.php <-- GraceCovenant /public_html/resources/prayerfocus/archive summermissions.php
2002.09.22 23:20 B E:\GCCWebsite\resources\prayerfocus\archive\summerretreat.php <-- GraceCovenant /public_html/resources/prayerfocus/archive summerretreat.php
2002.09.22 23:20 B E:\GCCWebsite\resources\prayerfocus\archive\thanks2001.php <-- GraceCovenant /public_html/resources/prayerfocus/archive thanks2001.php
2002.09.22 23:20 B E:\GCCWebsite\resources\prayerfocus\archive\thepastors.htm <-- GraceCovenant /public_html/resources/prayerfocus/archive thepastors.htm
2002.09.22 23:20 B E:\GCCWebsite\resources\prayerfocus\archive\thepastors.php <-- GraceCovenant /public_html/resources/prayerfocus/archive thepastors.php
2002.09.22 23:20 B E:\GCCWebsite\resources\prayerfocus\archive\thisworld.php <-- GraceCovenant /public_html/resources/prayerfocus/archive thisworld.php
2002.09.22 23:20 B E:\GCCWebsite\resources\prayerfocus\archive\turkey.php <-- GraceCovenant /public_html/resources/prayerfocus/archive turkey.php
2002.09.22 23:20 B E:\GCCWebsite\resources\prayerfocus\archive\urbanmissions.htm <-- GraceCovenant /public_html/resources/prayerfocus/archive urbanmissions.htm
2002.09.22 23:20 B E:\GCCWebsite\resources\prayerfocus\archive\uzbekistan.php <-- GraceCovenant /public_html/resources/prayerfocus/archive uzbekistan.php
2002.09.23 10:31 B E:\GCCWebsite\resources\prayerfocus\archive\emmausfamilygroups2002.php --> 209.15.55.234 /home/sites/home/web/resources/prayerfocus/archive emmausfamilygroups2002.php
